commit bceaa6c64354c1ea7613074a2d854c42f225ef58
Author: YANG Guifu <gift.young@gmail.com>
Date:   Sat Dec 22 02:43:43 2012 +0800

    ~/running/zhumao-baoyu-mail $ python zhumao.py -f young@nenu.edu.cn -t young@nenu.edu.cn -L "[base64-8]" -p "nenu1231"
    LEN:256
    
    To:young@nenu.edu.cn
    From: young@nenu.edu.cn
    Subject:[base64-8] 1/3
    
    sent.
    
    To:young@nenu.edu.cn
    From: young@nenu.edu.cn
    Subject:[base64-8] 2/3
    
    sent.
    
    To:young@nenu.edu.cn
    From: young@nenu.edu.cn
    Subject:[base64-8] 3/3
    
    sent.
    ~/running/zhumao-baoyu-mail $ python baoyu.py -u young@nenu.edu.cn -p "nenu1231" -L "[base64-8]" -f young@nenu.edu.cn
    +-------------------------
    |1 [base64-8] 3/3
    +-------------------------
    3/3
    +-------------------------
    |2 [base64-8] 2/3
    +-------------------------
    2/3
    +-------------------------
    |3 [base64-8] 1/3
    +-------------------------
    1/3
    LEN:100
    LEN:100
    LEN:56
    ~/running/zhumao-baoyu-mail $ diff test.in test.out
    ~/running/zhumao-baoyu-mail $

commit 15a700313ce81908c19df03e88013664bf867d8b
Author: YANG Guifu <gift.young@gmail.com>
Date:   Sat Dec 22 02:32:41 2012 +0800

    接收不完整

commit 3fd31d7dc273cbc0979f1211c1aefe0b0fb9230e
Author: YANG Guifu <gift.young@gmail.com>
Date:   Fri Dec 21 21:32:12 2012 +0800

    发送成功，接收还不行。

commit 1151042a83698116bd0ff49c96dbcd5dfaf5e913
Author: YANG Guifu <gift.young@gmail.com>
Date:   Fri Dec 21 19:17:41 2012 +0800

    发送邮件前
